c:\users\msukkari\documents\tableflip\game\release\vc140.pdb
c:\users\msukkari\documents\tableflip\game\release\shader.obj
c:\users\msukkari\documents\tableflip\game\release\physics.obj
c:\users\msukkari\documents\tableflip\game\release\model.obj
c:\users\msukkari\documents\tableflip\game\release\mesh.obj
c:\users\msukkari\documents\tableflip\game\release\main.obj
c:\users\msukkari\documents\tableflip\game\release\controls.obj
c:\users\msukkari\documents\tableflip\release\tableflip.exe
c:\users\msukkari\documents\tableflip\release\tableflip.ipdb
c:\users\msukkari\documents\tableflip\release\tableflip.iobj
c:\users\msukkari\documents\tableflip\release\tableflip.pdb
c:\users\msukkari\documents\tableflip\game\release\tableflip2.res
c:\users\msukkari\documents\tableflip\game\release\tableflip.res
c:\users\msukkari\documents\tableflip\game\release\tableflip.tlog\cl.command.1.tlog
c:\users\msukkari\documents\tableflip\game\release\tableflip.tlog\cl.read.1.tlog
c:\users\msukkari\documents\tableflip\game\release\tableflip.tlog\cl.write.1.tlog
c:\users\msukkari\documents\tableflip\game\release\tableflip.tlog\link.command.1.tlog
c:\users\msukkari\documents\tableflip\game\release\tableflip.tlog\link.read.1.tlog
c:\users\msukkari\documents\tableflip\game\release\tableflip.tlog\link.write.1.tlog
c:\users\msukkari\documents\tableflip\game\release\tableflip.tlog\rc.command.1.tlog
c:\users\msukkari\documents\tableflip\game\release\tableflip.tlog\rc.read.1.tlog
c:\users\msukkari\documents\tableflip\game\release\tableflip.tlog\rc.write.1.tlog
